2025-04-04 11:31:32.976634 - Received CBT.V508.FILE545.PDS from FILE545.XMI 
2025-04-04 11:31:32.977938 - Found $$$#DATE.txt (text/plain) in CBT.V508.FILE545.PDS, moved to PDS/$$$#DATE
2025-04-04 11:31:32.978096 - Found @FILE545.txt (text/plain) in CBT.V508.FILE545.PDS, moved to PDS/@FILE545
2025-04-04 11:31:32.978257 - Found BCDVAL.txt (text/plain) in CBT.V508.FILE545.PDS, moved to PDS/BCDVAL
2025-04-04 11:31:32.978396 - Found BISEARCH.txt (text/plain) in CBT.V508.FILE545.PDS, moved to PDS/BISEARCH
2025-04-04 11:31:32.978529 - Found CMSINTER.txt (text/plain) in CBT.V508.FILE545.PDS, moved to PDS/CMSINTER
2025-04-04 11:31:32.978751 - Found DISCLAIM.txt (text/plain) in CBT.V508.FILE545.PDS, moved to PDS/DISCLAIM
2025-04-04 11:31:32.978965 - Found DOSINTER.txt (text/plain) in CBT.V508.FILE545.PDS, moved to PDS/DOSINTER
2025-04-04 11:31:32.979160 - Found DOSPLIO.txt (text/plain) in CBT.V508.FILE545.PDS, moved to PDS/DOSPLIO
2025-04-04 11:31:32.979318 - Found DOSPL360.txt (text/plain) in CBT.V508.FILE545.PDS, moved to PDS/DOSPL360
2025-04-04 11:31:32.979469 - Found GRAMMAR.txt (text/plain) in CBT.V508.FILE545.PDS, moved to PDS/GRAMMAR
2025-04-04 11:31:32.979733 - Found MANUAL.xmi (application/xmit) in CBT.V508.FILE545.PDS, moved to PDS/MANUAL.xmi
2025-04-04 11:31:33.048334 - Received SBGOLOB.PL360.MANUAL from MANUAL.xmi 
2025-04-04 11:31:33.048919 - Found MANUAL.txt (text/plain) in SBGOLOB.PL360.MANUAL, moved to MANUAL/MANUAL
2025-04-04 11:31:33.049299 - Found MTSINTER.txt (text/plain) in CBT.V508.FILE545.PDS, moved to PDS/MTSINTER
2025-04-04 11:31:33.049443 - Found MVSINTER.txt (text/plain) in CBT.V508.FILE545.PDS, moved to PDS/MVSINTER
2025-04-04 11:31:33.049586 - Found MVSOBJ.bin (application/octet-stream) in CBT.V508.FILE545.PDS, moved to PDS/MVSOBJ
2025-04-04 11:31:33.049751 - Found MVSOBSRC.txt (text/plain) in CBT.V508.FILE545.PDS, moved to PDS/MVSOBSRC
2025-04-04 11:31:33.049910 - Found MVSPLIO.txt (text/plain) in CBT.V508.FILE545.PDS, moved to PDS/MVSPLIO
2025-04-04 11:31:33.050065 - Found MVSPL360.txt (text/plain) in CBT.V508.FILE545.PDS, moved to PDS/MVSPL360
2025-04-04 11:31:33.050196 - Found ORVINTER.txt (text/plain) in CBT.V508.FILE545.PDS, moved to PDS/ORVINTER
2025-04-04 11:31:33.050347 - Found ORVRUNTI.jcl (text/plain) in CBT.V508.FILE545.PDS, moved to PDS/ORVRUNTI
2025-04-04 11:31:33.050467 - Found PL3LINK.txt (text/plain) in CBT.V508.FILE545.PDS, moved to PDS/PL3LINK
2025-04-04 11:31:33.050606 - Found PL3OBJ.bin (application/octet-stream) in CBT.V508.FILE545.PDS, moved to PDS/PL3OBJ
2025-04-04 11:31:33.050935 - Found PL3OBSRC.txt (text/plain) in CBT.V508.FILE545.PDS, moved to PDS/PL3OBSRC
2025-04-04 11:31:33.051106 - Found PL360SRC.txt (text/plain) in CBT.V508.FILE545.PDS, moved to PDS/PL360SRC
2025-04-04 11:31:33.051251 - Found PROCLIB.txt (text/plain) in CBT.V508.FILE545.PDS, moved to PDS/PROCLIB
2025-04-04 11:31:33.051374 - Found RUNLIB.txt (text/plain) in CBT.V508.FILE545.PDS, moved to PDS/RUNLIB
2025-04-04 11:31:33.051499 - Found SHELSORT.txt (text/plain) in CBT.V508.FILE545.PDS, moved to PDS/SHELSORT
2025-04-04 11:31:33.051632 - Found SYNPROC.txt (text/plain) in CBT.V508.FILE545.PDS, moved to PDS/SYNPROC
